<?xml version="1.0" encoding="UTF-8"?>
<!-- Generated by org.testng.reporters.JUnitReportReporter -->
<testsuite hostname="DESKTOP-UK148P9" failures="0" tests="1" name="tests.SignOutTest" time="27.081" errors="0" timestamp="2025-07-25T00:54:34 IST" skipped="0">
  <testcase classname="tests.SignOutTest" name="testUserSignOut" time="27.081"/>
</testsuite> <!-- tests.SignOutTest -->
