<?xml version="1.0" encoding="UTF-8"?>
<!-- Generated by org.testng.reporters.JUnitReportReporter -->
<testsuite hostname="DESKTOP-UK148P9" failures="0" tests="1" name="tests.LoginTest" time="24.386" errors="0" timestamp="2025-07-25T00:50:03 IST" skipped="0">
  <testcase classname="tests.LoginTest" name="testValidLogin" time="24.386"/>
</testsuite> <!-- tests.LoginTest -->
