<?xml version="1.0" encoding="UTF-8"?>
<!-- Generated by org.testng.reporters.JUnitReportReporter -->
<testsuite hostname="DESKTOP-UK148P9" failures="0" tests="1" name="tests.SignUpTest" time="21.091" errors="0" timestamp="2025-07-25T01:02:12 IST" skipped="0">
  <testcase classname="tests.SignUpTest" name="testUserSignUp" time="21.091"/>
</testsuite> <!-- tests.SignUpTest -->
