<?xml version="1.0" encoding="UTF-8"?>
<!-- Generated by org.testng.reporters.JUnitReportReporter -->
<testsuite hostname="DESKTOP-UK148P9" failures="0" tests="1" name="tests.ChangePasswordTest" time="31.564" errors="0" timestamp="2025-07-25T00:57:10 IST" skipped="0">
  <testcase classname="tests.ChangePasswordTest" name="testChangePassword" time="31.564"/>
</testsuite> <!-- tests.ChangePasswordTest -->
